<?xml version="1.0" encoding="UTF-8"?>
<!-- Generated by org.testng.reporters.JUnitReportReporter -->
<testsuite hostname="Khosruzs-MacBook-Pro.local" failures="0" tests="1" name="com.Tests.ScarfPageTest" time="4.544" errors="0" timestamp="2024-09-11T11:07:16 EDT" skipped="0">
  <testcase classname="com.Tests.ScarfPageTest" name="displayedTotalItems" time="4.544"/>
  <system-out/>
</testsuite> <!-- com.Tests.ScarfPageTest -->
