<?xml version="1.0" encoding="UTF-8"?>
<!-- Generated by org.testng.reporters.JUnitReportReporter -->
<testsuite hostname="Khosruzs-MacBook-Pro.local" failures="0" tests="9" name="com.Tests.HomePageTest" time="56.379" errors="0" timestamp="2024-10-18T16:34:36 EDT" skipped="0">
  <testcase classname="com.Tests.HomePageTest" name="headerManueListTest" time="5.753"/>
  <system-out/>
  <testcase classname="com.Tests.HomePageTest" name="homeManueDisplayTest" time="5.614"/>
  <system-out/>
  <testcase classname="com.Tests.HomePageTest" name="productsMenueDisplayTest" time="9.745"/>
  <system-out/>
  <testcase classname="com.Tests.HomePageTest" name="scarfPinManuDisplayTest" time="6.011"/>
  <system-out/>
  <testcase classname="com.Tests.HomePageTest" name="aboutMenueDisplayTest" time="5.720"/>
  <system-out/>
  <testcase classname="com.Tests.HomePageTest" name="contactMenueDisplayTest" time="7.104"/>
  <system-out/>
  <testcase classname="com.Tests.HomePageTest" name="scarfManuDisplayTest" time="5.316"/>
  <system-out/>
  <testcase classname="com.Tests.HomePageTest" name="underCapManuDisplayTest" time="4.934"/>
  <system-out/>
  <testcase classname="com.Tests.HomePageTest" name="pageTitleTest" time="6.182"/>
  <system-out/>
</testsuite> <!-- com.Tests.HomePageTest -->
