<?xml version="1.0" encoding="UTF-8"?>
<!-- Generated by org.testng.reporters.JUnitReportReporter -->
<testsuite hostname="Khosruzs-MacBook-Pro.local" failures="0" tests="1" name="com.Tests.Ext" time="0.044" errors="0" timestamp="2024-08-26T11:41:21 EDT" skipped="0">
  <testcase classname="com.Tests.Ext" name="fibos" time="0.044"/>
  <system-out/>
</testsuite> <!-- com.Tests.Ext -->
