<?xml version="1.0" encoding="UTF-8"?>
<!-- Generated by org.testng.reporters.JUnitReportReporter -->
<testsuite hostname="Khosruzs-MacBook-Pro.local" failures="0" tests="2" name="com.Tests.LoginPageTest" time="18.139" errors="0" timestamp="2024-09-17T21:58:21 EDT" skipped="0">
  <testcase classname="com.Tests.LoginPageTest" name="pageTitleTest" time="5.233"/>
  <system-out/>
  <testcase classname="com.Tests.LoginPageTest" name="loginWithValidCredentials" time="12.906"/>
  <system-out/>
</testsuite> <!-- com.Tests.LoginPageTest -->
