<?xml version="1.0" encoding="UTF-8"?>
<!-- Generated by org.testng.reporters.JUnitReportReporter -->
<testsuite hostname="Khosruzs-MacBook-Pro.local" failures="0" tests="2" name="com.Tests.LoginPageTest" time="16.766" errors="0" timestamp="2024-09-17T20:25:14 EDT" skipped="0">
  <testcase classname="com.Tests.LoginPageTest" name="pageTitleTest" time="6.811"/>
  <system-out/>
  <testcase classname="com.Tests.LoginPageTest" name="loginWithValidCredentials" time="9.955"/>
  <system-out/>
</testsuite> <!-- com.Tests.LoginPageTest -->
