<?xml version="1.0" encoding="UTF-8"?>
<!-- Generated by org.testng.reporters.JUnitReportReporter -->
<testsuite hostname="Khosruzs-MacBook-Pro.local" failures="0" tests="6" name="com.Tests.AllProductsPageTest" time="27.941" errors="0" timestamp="2024-09-17T20:16:57 EDT" skipped="0">
  <testcase classname="com.Tests.AllProductsPageTest" name="pageTitleTest" time="3.950"/>
  <system-out/>
  <testcase classname="com.Tests.AllProductsPageTest" name="selectByCategoryTest" time="4.836"/>
  <system-out/>
  <testcase classname="com.Tests.AllProductsPageTest" name="showingProductsCount" time="5.676"/>
  <system-out/>
  <testcase classname="com.Tests.AllProductsPageTest" name="firstPageValidationTest" time="4.471"/>
  <system-out/>
  <testcase classname="com.Tests.AllProductsPageTest" name="secondPageValidationTest" time="4.716"/>
  <system-out/>
  <testcase classname="com.Tests.AllProductsPageTest" name="displayedItemTest" time="4.292"/>
  <system-out/>
</testsuite> <!-- com.Tests.AllProductsPageTest -->
