<?xml version="1.0" encoding="UTF-8"?>
<!-- Generated by org.testng.reporters.JUnitReportReporter -->
<testsuite hostname="Khosruzs-MacBook-Pro.local" failures="0" tests="1" name="com.Tests.HomePageTest" time="4.171" errors="0" timestamp="2024-09-10T21:48:48 EDT" skipped="0">
  <testcase classname="com.Tests.HomePageTest" name="pageTitleTest" time="4.171"/>
  <system-out/>
</testsuite> <!-- com.Tests.HomePageTest -->
