<?xml version="1.0" encoding="UTF-8"?>
<!-- Generated by org.testng.reporters.JUnitReportReporter -->
<testsuite hostname="Khosruzs-MacBook-Pro.local" failures="0" tests="1" name="com.Tests.LoginPageTest" time="7.421" errors="0" timestamp="2024-10-19T11:55:37 EDT" skipped="0">
  <testcase classname="com.Tests.LoginPageTest" name="pageTitleTest" time="7.421"/>
  <system-out/>
</testsuite> <!-- com.Tests.LoginPageTest -->
