<?xml version="1.0" encoding="UTF-8"?>
<!-- Generated by org.testng.reporters.JUnitReportReporter -->
<testsuite hostname="Khosruzs-MacBook-Pro.local" failures="0" tests="6" name="com.Tests.AllProductsPageTest" time="36.171" errors="0" timestamp="2024-10-18T16:34:36 EDT" skipped="0">
  <testcase classname="com.Tests.AllProductsPageTest" name="displayedItemTest" time="6.189"/>
  <system-out/>
  <testcase classname="com.Tests.AllProductsPageTest" name="secondPageValidationTest" time="5.725"/>
  <system-out/>
  <testcase classname="com.Tests.AllProductsPageTest" name="pageTitleTest" time="5.594"/>
  <system-out/>
  <testcase classname="com.Tests.AllProductsPageTest" name="selectByCategoryTest" time="7.346"/>
  <system-out/>
  <testcase classname="com.Tests.AllProductsPageTest" name="firstPageValidationTest" time="6.298"/>
  <system-out/>
  <testcase classname="com.Tests.AllProductsPageTest" name="showingProductsCount" time="5.019"/>
  <system-out/>
</testsuite> <!-- com.Tests.AllProductsPageTest -->
