<?xml version="1.0" encoding="UTF-8"?>
<!-- Generated by org.testng.reporters.JUnitReportReporter -->
<testsuite hostname="Khosruzs-MacBook-Pro.local" failures="0" tests="9" name="com.Tests.HomePageTest" time="37.529" errors="0" timestamp="2024-09-10T15:35:59 EDT" skipped="0">
  <testcase classname="com.Tests.HomePageTest" name="scarfManuDisplayTest" time="4.227"/>
  <system-out/>
  <testcase classname="com.Tests.HomePageTest" name="contactMenueDisplayTest" time="3.934"/>
  <system-out/>
  <testcase classname="com.Tests.HomePageTest" name="underCapManuDisplayTest" time="5.112"/>
  <system-out/>
  <testcase classname="com.Tests.HomePageTest" name="scarfPinManuDisplayTest" time="4.161"/>
  <system-out/>
  <testcase classname="com.Tests.HomePageTest" name="productsMenueDisplayTest" time="3.645"/>
  <system-out/>
  <testcase classname="com.Tests.HomePageTest" name="pageTitleTest" time="3.531"/>
  <system-out/>
  <testcase classname="com.Tests.HomePageTest" name="headerManueListTest" time="5.164"/>
  <system-out/>
  <testcase classname="com.Tests.HomePageTest" name="aboutMenueDisplayTest" time="3.969"/>
  <system-out/>
  <testcase classname="com.Tests.HomePageTest" name="homeManueDisplayTest" time="3.786"/>
  <system-out/>
</testsuite> <!-- com.Tests.HomePageTest -->
