<?xml version="1.0" encoding="UTF-8"?>
<!-- Generated by org.testng.reporters.JUnitReportReporter -->
<testsuite hostname="Khosruzs-MacBook-Pro.local" failures="0" tests="6" name="com.Tests.AllProductsPageTest" time="36.893" errors="0" timestamp="2024-10-19T11:54:07 EDT" skipped="0">
  <testcase classname="com.Tests.AllProductsPageTest" name="selectByCategoryTest" time="6.225"/>
  <system-out/>
  <testcase classname="com.Tests.AllProductsPageTest" name="firstPageValidationTest" time="5.929"/>
  <system-out/>
  <testcase classname="com.Tests.AllProductsPageTest" name="pageTitleTest" time="6.869"/>
  <system-out/>
  <testcase classname="com.Tests.AllProductsPageTest" name="displayedItemTest" time="6.131"/>
  <system-out/>
  <testcase classname="com.Tests.AllProductsPageTest" name="secondPageValidationTest" time="5.936"/>
  <system-out/>
  <testcase classname="com.Tests.AllProductsPageTest" name="showingProductsCount" time="5.803"/>
  <system-out/>
</testsuite> <!-- com.Tests.AllProductsPageTest -->
