<?xml version="1.0" encoding="UTF-8"?>
<!-- Generated by org.testng.reporters.JUnitReportReporter -->
<testsuite hostname="Khosruzs-MacBook-Pro.local" failures="0" tests="6" name="com.Tests.AllProductsPageTest" time="25.842" errors="0" timestamp="2024-09-10T15:35:59 EDT" skipped="0">
  <testcase classname="com.Tests.AllProductsPageTest" name="showingProductsCount" time="4.082"/>
  <system-out/>
  <testcase classname="com.Tests.AllProductsPageTest" name="secondPageValidationTest" time="4.684"/>
  <system-out/>
  <testcase classname="com.Tests.AllProductsPageTest" name="pageTitleTest" time="3.922"/>
  <system-out/>
  <testcase classname="com.Tests.AllProductsPageTest" name="selectByCategoryTest" time="4.592"/>
  <system-out/>
  <testcase classname="com.Tests.AllProductsPageTest" name="firstPageValidationTest" time="4.633"/>
  <system-out/>
  <testcase classname="com.Tests.AllProductsPageTest" name="displayedItemTest" time="3.929"/>
  <system-out/>
</testsuite> <!-- com.Tests.AllProductsPageTest -->
