<?xml version="1.0" encoding="UTF-8"?>
<!-- Generated by org.testng.reporters.JUnitReportReporter -->
<testsuite hostname="Khosruzs-MacBook-Pro.local" failures="0" tests="9" name="com.Tests.HomePageTest" time="51.209" errors="0" timestamp="2024-10-19T11:54:07 EDT" skipped="0">
  <testcase classname="com.Tests.HomePageTest" name="scarfManuDisplayTest" time="5.435"/>
  <system-out/>
  <testcase classname="com.Tests.HomePageTest" name="contactMenueDisplayTest" time="5.828"/>
  <system-out/>
  <testcase classname="com.Tests.HomePageTest" name="aboutMenueDisplayTest" time="5.244"/>
  <system-out/>
  <testcase classname="com.Tests.HomePageTest" name="headerManueListTest" time="6.034"/>
  <system-out/>
  <testcase classname="com.Tests.HomePageTest" name="homeManueDisplayTest" time="6.720"/>
  <system-out/>
  <testcase classname="com.Tests.HomePageTest" name="productsMenueDisplayTest" time="5.461"/>
  <system-out/>
  <testcase classname="com.Tests.HomePageTest" name="underCapManuDisplayTest" time="5.728"/>
  <system-out/>
  <testcase classname="com.Tests.HomePageTest" name="pageTitleTest" time="5.446"/>
  <system-out/>
  <testcase classname="com.Tests.HomePageTest" name="scarfPinManuDisplayTest" time="5.313"/>
  <system-out/>
</testsuite> <!-- com.Tests.HomePageTest -->
